(in /Users/alon/dev/freehub_for_all)
Migrating people

WARN: H H, eyespot@gmail.com  saving with email error: has already been taken

WARN: rob rob, rob@robsheid clearing invalid email address

WARN: Claire Claire, craether clearing invalid email address

WARN: Jessica Jessica, bluejess33@yahoo.com  saving with email error: has already been taken

WARN: Maxime Maxime, domage@pacbellnet clearing invalid email address

WARN: wilson wilson, bikemasterjen@yahoo.com  saving with email error: has already been taken

WARN: Joe Joe, roachmill43@yahoo.com  saving with email error: has already been taken

WARN: edward edward, arbzed@gmail.com  saving with email error: has already been taken

WARN: Alex Alex, yad9903@hotmail.com  saving with email error: has already been taken

WARN: Davis Davis, jdavidswanson@gmail.com  saving with email error: has already been taken

WARN: Jeff Jeff, sustainablejeff@gmail.com  saving with email error: has already been taken

WARN: Todd Todd, toddtuch@gmail.com  saving with email error: has already been taken

WARN: R. Miloh R. Miloh, froggytoad@gmail.com  saving with email error: has already been taken

WARN: Svetlana Svetlana, svetsky@hotmail.com  saving with email error: has already been taken

WARN: Andrew Andrew, ammon@mac.com  saving with email error: has already been taken

WARN: David David, dave@isdls.org  saving with email error: has already been taken

WARN: Christy Christy, christyLmnAde@hotmail.com  saving with email error: has already been taken

WARN: adam adam, achapman clearing invalid email address

WARN: Josh Josh, joshuaam@gmail.com  saving with email error: has already been taken

WARN: Gil Gil, iheartgilbert2YAHOO.COM clearing invalid email address

WARN: cynthia cynthia, cwcclapham@gmail clearing invalid email address

WARN: Max Max, maxcortesjr@comcast.net  saving with email error: has already been taken

WARN: jessie jessie, fernandez.jessie@gmail.com  saving with email error: has already been taken

WARN: greg greg, greg clearing invalid email address

WARN: Cara Cara, eyeforpye@gmail. clearing invalid email address

WARN: pete pete, pj clearing invalid email address

WARN: peter peter, pjenkins83@yahoo.com  saving with email error: has already been taken

WARN: Jackson Jackson, jackvfb clearing invalid email address

WARN: chris chris, chris basil@surewest.net clearing invalid email address

WARN: joseph joseph, sanedonismo clearing invalid email address

WARN: Brian Brian, xbglowx@gmail clearing invalid email address

WARN: Jill Jill, dancingbikes clearing invalid email address

WARN: maximilian maximilian, maximilianjb@gmail.com  saving with email error: has already been taken

WARN: orion orion, orion_harris@yahoo.com  saving with email error: has already been taken

WARN: Matthew Matthew, mattswagler clearing invalid email address

WARN: Ben Ben, x clearing invalid email address

WARN: ashley ashley, sexyastronaut clearing invalid email address

WARN: Eric Eric, ericlindsayw@gmail.c clearing invalid email address

WARN: andrew andrew, afokeefe@hotmail clearing invalid email address

WARN: Andrew  Andrew , hyd415gmail.com clearing invalid email address

WARN: Trevor Trevor, 415trevor@gmail clearing invalid email address

WARN: kevin kevin, kaschuder38@yahoo.com. clearing invalid email address

WARN: troy troy, troybouris clearing invalid email address

WARN: Jordan  Jordan , jplanger@gmail.com  saving with email error: has already been taken

WARN: Robert Robert, robt.hendrickson@gmail clearing invalid email address

WARN: scott scott, scottborch@yahoo clearing invalid email address

WARN: daniel daniel, thedanielgalvan@gmail clearing invalid email address

Migrating visits
