WARN: H Baker, eyespot@gmail.com  saving with email error: has already been taken
WARN: rob scheid, rob@robsheid clearing invalid email address
WARN: Claire Raether, craether clearing invalid email address
WARN: Jessica Arnett, bluejess33@yahoo.com  saving with email error: has already been taken
WARN: Maxime Genauzeau, domage@pacbellnet clearing invalid email address
WARN: wilson sae chao, bikemasterjen@yahoo.com  saving with email error: has already been taken
WARN: Joe Levi, roachmill43@yahoo.com  saving with email error: has already been taken
WARN: edward scharff, arbzed@gmail.com  saving with email error: has already been taken
WARN: Alex Weisshous, yad9903@hotmail.com  saving with email error: has already been taken
WARN: Davis Swanson, jdavidswanson@gmail.com  saving with email error: has already been taken
WARN: Jeff Blumenthal, sustainablejeff@gmail.com  saving with email error: has already been taken
WARN: Todd Tuchschere, toddtuch@gmail.com  saving with email error: has already been taken
WARN: R. Miloh Alexander, froggytoad@gmail.com  saving with email error: has already been taken
WARN: Svetlana Jovanovic, svetsky@hotmail.com  saving with email error: has already been taken
WARN: Andrew Skidmore, ammon@mac.com  saving with email error: has already beentaken
WARN: David Shlachter, dave@isdls.org  saving with email error: has already been taken
WARN: Christy Osorio, christyLmnAde@hotmail.com  saving with email error: has already been taken
WARN: adam chapman, achapman clearing invalid email address
WARN: Josh Madison, joshuaam@gmail.com  saving with email error: has already been taken
WARN: Gil Youenes, iheartgilbert2YAHOO.COM clearing invalid email address
WARN: cynthia clapham, cwcclapham@gmail clearing invalid email address
WARN: Max Cortes, maxcortesjr@comcast.net  saving with email error: has alreadybeen taken
WARN: jessie fernandes, fernandez.jessie@gmail.com  saving with email error: has already been taken
WARN: greg pasquali, greg clearing invalid email address
WARN: Cara White, eyeforpye@gmail. clearing invalid email address
WARN: pete Jenkins, pj clearing invalid email address
WARN: peter Jenkin, pjenkins83@yahoo.com  saving with email error: has already been taken
WARN: Jackson Vanfleet Brown, jackvfb clearing invalid email address
WARN: chris basil, chris basil@surewest.net clearing invalid email address
WARN: Taeva Shefler, taevas@gmial.cim clearing invalid email address
WARN: joseph sierra, sanedonismo clearing invalid email address
WARN: Brian Glogower, xbglowx@gmail clearing invalid email address
WARN: Melissa Bosworth, mmbosworth@gmailc.om clearing invalid email address
WARN: Jill Contreras, dancingbikes clearing invalid email address
WARN: maximilian laustein, maximilianjb@gmail.com  saving with email error: has already been taken
WARN: orion harris, orion_harris@yahoo.com  saving with email error: has already been taken
WARN: Matthew swagler, mattswagler clearing invalid email address
WARN: Ben Brockway, x clearing invalid email address
WARN: ashley hollingshead, sexyastronaut clearing invalid email address
WARN: Eric Waters, ericlindsayw@gmail.c clearing invalid email address
WARN: andrew okeefe, afokeefe@hotmail clearing invalid email address
WARN: Andrew  Hyder, hyd415gmail.com clearing invalid email address
WARN: Trevor rogers, 415trevor@gmail clearing invalid email address
WARN: kevin schuder, kaschuder38@yahoo.com. clearing invalid email address
WARN: troy bouris, troybouris clearing invalid email address
WARN: Jordan  Langer, jplanger@gmail.com  saving with email error: has already been taken
WARN: Robert Hendrickson, robt.hendrickson@gmail clearing invalid email address
WARN: scott borchardt, scottborch@yahoo clearing invalid email address
WARN: daniel galvan, thedanielgalvan@gmail clearing invalid email address